{"level":"INFO","message":"[9:51:33.248 PM]: Creating new connection object"}
{"level":"INFO","message":"[9:51:33.253 PM]: Creating Connection[id: 4a19fe46-f827-46e9-a1af-42a7f2b0180c] with host: cucbppa-am55842.snowflakecomputing.com, account: cucbppa-am55842, accessUrl: https://cucbppa-am55842.snowflakecomputing.com, user: Rosu76, role: undefined, database: INVENTARIO01_GG, schema: MAIN, warehouse: COMPUTE_WH, proxy was not configured, password is provided, region: undefined, authenticator: SNOWFLAKE, ocsp mode: FAIL_OPEN, os: darwin, os version: 24.6.0"}
{"level":"INFO","message":"[9:51:33.254 PM]: Connection[id: 4a19fe46-f827-46e9-a1af-42a7f2b0180c] additional details: passcode in password is provided, passcode is not provided, private key is not provided, application: undefined, client name: snowflake-sdk, client version: 2.3.1, retry timeout: 300, private key path: undefined, private key pass is not provided, client store temporary credential: false, browser response timeout: 120000"}
{"level":"INFO","message":"[9:51:33.254 PM]: Connection[id: 4a19fe46-f827-46e9-a1af-42a7f2b0180c] - connection object created successfully."}
{"level":"INFO","message":"[9:51:33.254 PM]: Connection[id: 4a19fe46-f827-46e9-a1af-42a7f2b0180c] - connecting. Associated Snowflake domain: GLOBAL"}
{"level":"INFO","message":"[9:51:33.254 PM]: Connection[id: 4a19fe46-f827-46e9-a1af-42a7f2b0180c] - authentication successful using: SNOWFLAKE"}
{"level":"INFO","message":"[9:51:33.255 PM]: Trying to initialize Easy Logging"}
{"level":"INFO","message":"[9:51:33.255 PM]: No client config detected."}
{"level":"INFO","message":"[9:51:33.255 PM]: No config file path found. Client config will not be used."}
{"level":"INFO","message":"[9:51:33.255 PM]: Easy Logging is disabled as no config has been found"}
{"level":"INFO","message":"[9:51:33.257 PM]: Connection[id: 4a19fe46-f827-46e9-a1af-42a7f2b0180c] - connected successfully after 3.08 milliseconds"}
{"level":"INFO","message":"[9:52:02.111 PM]: Creating new connection object"}
{"level":"INFO","message":"[9:52:02.112 PM]: Creating Connection[id: 91c53d91-2102-4cec-b87c-4ce8ab0fe96f] with host: cucbppa-am55842.snowflakecomputing.com, account: cucbppa-am55842, accessUrl: https://cucbppa-am55842.snowflakecomputing.com, user: Rosu76, role: undefined, database: INVENTARIO01_GG, schema: MAIN, warehouse: COMPUTE_WH, proxy was not configured, password is provided, region: undefined, authenticator: SNOWFLAKE, ocsp mode: FAIL_OPEN, os: darwin, os version: 24.6.0"}
{"level":"INFO","message":"[9:52:02.112 PM]: Connection[id: 91c53d91-2102-4cec-b87c-4ce8ab0fe96f] additional details: passcode in password is provided, passcode is not provided, private key is not provided, application: undefined, client name: snowflake-sdk, client version: 2.3.1, retry timeout: 300, private key path: undefined, private key pass is not provided, client store temporary credential: false, browser response timeout: 120000"}
{"level":"INFO","message":"[9:52:02.112 PM]: Connection[id: 91c53d91-2102-4cec-b87c-4ce8ab0fe96f] - connection object created successfully."}
{"level":"INFO","message":"[9:52:02.112 PM]: Connection[id: 91c53d91-2102-4cec-b87c-4ce8ab0fe96f] - connecting. Associated Snowflake domain: GLOBAL"}
{"level":"INFO","message":"[9:52:02.113 PM]: Connection[id: 91c53d91-2102-4cec-b87c-4ce8ab0fe96f] - authentication successful using: SNOWFLAKE"}
{"level":"INFO","message":"[9:52:02.113 PM]: Connection[id: 91c53d91-2102-4cec-b87c-4ce8ab0fe96f] - connected successfully after 0.96 milliseconds"}
{"level":"INFO","message":"[9:54:41.302 PM]: Creating new connection object"}
{"level":"INFO","message":"[9:54:41.303 PM]: Creating Connection[id: 26bfd90f-8245-417d-95ca-90035fd7f845] with host: cucbppa-am55842.snowflakecomputing.com, account: cucbppa-am55842, accessUrl: https://cucbppa-am55842.snowflakecomputing.com, user: Rosu76, role: undefined, database: INVENTARIO01_GG, schema: MAIN, warehouse: COMPUTE_WH, proxy was not configured, password is provided, region: undefined, authenticator: SNOWFLAKE, ocsp mode: FAIL_OPEN, os: darwin, os version: 24.6.0"}
{"level":"INFO","message":"[9:54:41.303 PM]: Connection[id: 26bfd90f-8245-417d-95ca-90035fd7f845] additional details: passcode in password is provided, passcode is not provided, private key is not provided, application: undefined, client name: snowflake-sdk, client version: 2.3.1, retry timeout: 300, private key path: undefined, private key pass is not provided, client store temporary credential: false, browser response timeout: 120000"}
{"level":"INFO","message":"[9:54:41.303 PM]: Connection[id: 26bfd90f-8245-417d-95ca-90035fd7f845] - connection object created successfully."}
{"level":"INFO","message":"[9:54:41.303 PM]: Connection[id: 26bfd90f-8245-417d-95ca-90035fd7f845] - connecting. Associated Snowflake domain: GLOBAL"}
{"level":"INFO","message":"[9:54:41.303 PM]: Connection[id: 26bfd90f-8245-417d-95ca-90035fd7f845] - authentication successful using: SNOWFLAKE"}
{"level":"INFO","message":"[9:54:41.305 PM]: Connection[id: 26bfd90f-8245-417d-95ca-90035fd7f845] - connected successfully after 1.37 milliseconds"}
{"level":"INFO","message":"[9:54:44.034 PM]: Creating new connection object"}
{"level":"INFO","message":"[9:54:44.035 PM]: Creating Connection[id: fd94181b-9ddb-4313-826a-4aded5d95dc2] with host: cucbppa-am55842.snowflakecomputing.com, account: cucbppa-am55842, accessUrl: https://cucbppa-am55842.snowflakecomputing.com, user: Rosu76, role: undefined, database: INVENTARIO01_GG, schema: MAIN, warehouse: COMPUTE_WH, proxy was not configured, password is provided, region: undefined, authenticator: SNOWFLAKE, ocsp mode: FAIL_OPEN, os: darwin, os version: 24.6.0"}
{"level":"INFO","message":"[9:54:44.036 PM]: Connection[id: fd94181b-9ddb-4313-826a-4aded5d95dc2] additional details: passcode in password is provided, passcode is not provided, private key is not provided, application: undefined, client name: snowflake-sdk, client version: 2.3.1, retry timeout: 300, private key path: undefined, private key pass is not provided, client store temporary credential: false, browser response timeout: 120000"}
{"level":"INFO","message":"[9:54:44.036 PM]: Connection[id: fd94181b-9ddb-4313-826a-4aded5d95dc2] - connection object created successfully."}
{"level":"INFO","message":"[9:54:44.036 PM]: Connection[id: fd94181b-9ddb-4313-826a-4aded5d95dc2] - connecting. Associated Snowflake domain: GLOBAL"}
{"level":"INFO","message":"[9:54:44.036 PM]: Connection[id: fd94181b-9ddb-4313-826a-4aded5d95dc2] - authentication successful using: SNOWFLAKE"}
{"level":"INFO","message":"[9:54:44.037 PM]: Connection[id: fd94181b-9ddb-4313-826a-4aded5d95dc2] - connected successfully after 0.84 milliseconds"}
{"level":"INFO","message":"[9:59:37.869 PM]: Creating new connection object"}
{"level":"INFO","message":"[9:59:37.871 PM]: Creating Connection[id: 78666c8f-22ae-46ac-a503-27e626ce73f3] with host: cucbppa-am55842.snowflakecomputing.com, account: cucbppa-am55842, accessUrl: https://cucbppa-am55842.snowflakecomputing.com, user: Rosu76, role: undefined, database: INVENTARIO01_GG, schema: MAIN, warehouse: COMPUTE_WH, proxy was not configured, password is provided, region: undefined, authenticator: SNOWFLAKE, ocsp mode: FAIL_OPEN, os: darwin, os version: 24.6.0"}
{"level":"INFO","message":"[9:59:37.871 PM]: Connection[id: 78666c8f-22ae-46ac-a503-27e626ce73f3] additional details: passcode in password is provided, passcode is not provided, private key is not provided, application: undefined, client name: snowflake-sdk, client version: 2.3.1, retry timeout: 300, private key path: undefined, private key pass is not provided, client store temporary credential: false, browser response timeout: 120000"}
{"level":"INFO","message":"[9:59:37.871 PM]: Connection[id: 78666c8f-22ae-46ac-a503-27e626ce73f3] - connection object created successfully."}
{"level":"INFO","message":"[9:59:37.871 PM]: Connection[id: 78666c8f-22ae-46ac-a503-27e626ce73f3] - connecting. Associated Snowflake domain: GLOBAL"}
{"level":"INFO","message":"[9:59:37.872 PM]: Connection[id: 78666c8f-22ae-46ac-a503-27e626ce73f3] - authentication successful using: SNOWFLAKE"}
{"level":"INFO","message":"[9:59:37.873 PM]: Connection[id: 78666c8f-22ae-46ac-a503-27e626ce73f3] - connected successfully after 2 milliseconds"}
{"level":"INFO","message":"[9:59:55.345 PM]: Creating new connection object"}
{"level":"INFO","message":"[9:59:55.346 PM]: Creating Connection[id: 8aaca0cb-4a3f-4e59-8088-78aa1608be0d] with host: cucbppa-am55842.snowflakecomputing.com, account: cucbppa-am55842, accessUrl: https://cucbppa-am55842.snowflakecomputing.com, user: Rosu76, role: undefined, database: INVENTARIO01_GG, schema: MAIN, warehouse: COMPUTE_WH, proxy was not configured, password is provided, region: undefined, authenticator: SNOWFLAKE, ocsp mode: FAIL_OPEN, os: darwin, os version: 24.6.0"}
{"level":"INFO","message":"[9:59:55.346 PM]: Connection[id: 8aaca0cb-4a3f-4e59-8088-78aa1608be0d] additional details: passcode in password is provided, passcode is not provided, private key is not provided, application: undefined, client name: snowflake-sdk, client version: 2.3.1, retry timeout: 300, private key path: undefined, private key pass is not provided, client store temporary credential: false, browser response timeout: 120000"}
{"level":"INFO","message":"[9:59:55.346 PM]: Connection[id: 8aaca0cb-4a3f-4e59-8088-78aa1608be0d] - connection object created successfully."}
{"level":"INFO","message":"[9:59:55.346 PM]: Connection[id: 8aaca0cb-4a3f-4e59-8088-78aa1608be0d] - connecting. Associated Snowflake domain: GLOBAL"}
{"level":"INFO","message":"[9:59:55.346 PM]: Connection[id: 8aaca0cb-4a3f-4e59-8088-78aa1608be0d] - authentication successful using: SNOWFLAKE"}
{"level":"INFO","message":"[9:59:55.347 PM]: Connection[id: 8aaca0cb-4a3f-4e59-8088-78aa1608be0d] - connected successfully after 1.02 milliseconds"}
{"level":"INFO","message":"[10:00:21.014 PM]: Creating new connection object"}
{"level":"INFO","message":"[10:00:21.015 PM]: Creating Connection[id: 510e2153-bc1a-4e27-9e46-be7f83bc2062] with host: cucbppa-am55842.snowflakecomputing.com, account: cucbppa-am55842, accessUrl: https://cucbppa-am55842.snowflakecomputing.com, user: Rosu76, role: undefined, database: INVENTARIO01_GG, schema: MAIN, warehouse: COMPUTE_WH, proxy was not configured, password is provided, region: undefined, authenticator: SNOWFLAKE, ocsp mode: FAIL_OPEN, os: darwin, os version: 24.6.0"}
{"level":"INFO","message":"[10:00:21.015 PM]: Connection[id: 510e2153-bc1a-4e27-9e46-be7f83bc2062] additional details: passcode in password is provided, passcode is not provided, private key is not provided, application: undefined, client name: snowflake-sdk, client version: 2.3.1, retry timeout: 300, private key path: undefined, private key pass is not provided, client store temporary credential: false, browser response timeout: 120000"}
{"level":"INFO","message":"[10:00:21.015 PM]: Connection[id: 510e2153-bc1a-4e27-9e46-be7f83bc2062] - connection object created successfully."}
{"level":"INFO","message":"[10:00:21.015 PM]: Connection[id: 510e2153-bc1a-4e27-9e46-be7f83bc2062] - connecting. Associated Snowflake domain: GLOBAL"}
{"level":"INFO","message":"[10:00:21.016 PM]: Connection[id: 510e2153-bc1a-4e27-9e46-be7f83bc2062] - authentication successful using: SNOWFLAKE"}
{"level":"INFO","message":"[10:00:21.016 PM]: Connection[id: 510e2153-bc1a-4e27-9e46-be7f83bc2062] - connected successfully after 1.08 milliseconds"}
{"level":"INFO","message":"[10:02:15.401 PM]: Creating new connection object"}
{"level":"INFO","message":"[10:02:15.402 PM]: Creating Connection[id: 9dff4fad-be6b-41e4-9a56-40b2ca8af970] with host: cucbppa-am55842.snowflakecomputing.com, account: cucbppa-am55842, accessUrl: https://cucbppa-am55842.snowflakecomputing.com, user: Rosu76, role: undefined, database: INVENTARIO01_GG, schema: MAIN, warehouse: COMPUTE_WH, proxy was not configured, password is provided, region: undefined, authenticator: SNOWFLAKE, ocsp mode: FAIL_OPEN, os: darwin, os version: 24.6.0"}
{"level":"INFO","message":"[10:02:15.402 PM]: Connection[id: 9dff4fad-be6b-41e4-9a56-40b2ca8af970] additional details: passcode in password is provided, passcode is not provided, private key is not provided, application: undefined, client name: snowflake-sdk, client version: 2.3.1, retry timeout: 300, private key path: undefined, private key pass is not provided, client store temporary credential: false, browser response timeout: 120000"}
{"level":"INFO","message":"[10:02:15.402 PM]: Connection[id: 9dff4fad-be6b-41e4-9a56-40b2ca8af970] - connection object created successfully."}
{"level":"INFO","message":"[10:02:15.403 PM]: Connection[id: 9dff4fad-be6b-41e4-9a56-40b2ca8af970] - connecting. Associated Snowflake domain: GLOBAL"}
{"level":"INFO","message":"[10:02:15.403 PM]: Connection[id: 9dff4fad-be6b-41e4-9a56-40b2ca8af970] - authentication successful using: SNOWFLAKE"}
{"level":"INFO","message":"[10:02:15.404 PM]: Connection[id: 9dff4fad-be6b-41e4-9a56-40b2ca8af970] - connected successfully after 1.05 milliseconds"}
{"level":"INFO","message":"[10:05:08.428 PM]: Creating new connection object"}
{"level":"INFO","message":"[10:05:08.433 PM]: Creating Connection[id: db17a400-b84e-4158-8598-dc5d4e0b9599] with host: cucbppa-am55842.snowflakecomputing.com, account: cucbppa-am55842, accessUrl: https://cucbppa-am55842.snowflakecomputing.com, user: Rosu76, role: undefined, database: LOGIN_DB, schema: MAIN, warehouse: COMPUTE_WH, proxy was not configured, password is provided, region: undefined, authenticator: SNOWFLAKE, ocsp mode: FAIL_OPEN, os: darwin, os version: 24.6.0"}
{"level":"INFO","message":"[10:05:08.433 PM]: Connection[id: db17a400-b84e-4158-8598-dc5d4e0b9599] additional details: passcode in password is provided, passcode is not provided, private key is not provided, application: undefined, client name: snowflake-sdk, client version: 2.3.1, retry timeout: 300, private key path: undefined, private key pass is not provided, client store temporary credential: false, browser response timeout: 120000"}
{"level":"INFO","message":"[10:05:08.434 PM]: Connection[id: db17a400-b84e-4158-8598-dc5d4e0b9599] - connection object created successfully."}
{"level":"INFO","message":"[10:05:08.434 PM]: Connection[id: db17a400-b84e-4158-8598-dc5d4e0b9599] - connecting. Associated Snowflake domain: GLOBAL"}
{"level":"INFO","message":"[10:05:08.434 PM]: Connection[id: db17a400-b84e-4158-8598-dc5d4e0b9599] - authentication successful using: SNOWFLAKE"}
{"level":"INFO","message":"[10:05:08.434 PM]: Trying to initialize Easy Logging"}
{"level":"INFO","message":"[10:05:08.435 PM]: No client config detected."}
{"level":"INFO","message":"[10:05:08.435 PM]: No config file path found. Client config will not be used."}
{"level":"INFO","message":"[10:05:08.435 PM]: Easy Logging is disabled as no config has been found"}
{"level":"INFO","message":"[10:05:08.437 PM]: Connection[id: db17a400-b84e-4158-8598-dc5d4e0b9599] - connected successfully after 2.95 milliseconds"}
{"level":"INFO","message":"[10:14:22.439 PM]: Creating new connection object"}
{"level":"INFO","message":"[10:14:22.440 PM]: Creating Connection[id: c74ea14b-a613-480a-bb6d-8cbb8706a92c] with host: cucbppa-am55842.snowflakecomputing.com, account: cucbppa-am55842, accessUrl: https://cucbppa-am55842.snowflakecomputing.com, user: Rosu76, role: undefined, database: LOGIN_DB, schema: MAIN, warehouse: COMPUTE_WH, proxy was not configured, password is provided, region: undefined, authenticator: SNOWFLAKE, ocsp mode: FAIL_OPEN, os: darwin, os version: 24.6.0"}
{"level":"INFO","message":"[10:14:22.441 PM]: Connection[id: c74ea14b-a613-480a-bb6d-8cbb8706a92c] additional details: passcode in password is provided, passcode is not provided, private key is not provided, application: undefined, client name: snowflake-sdk, client version: 2.3.1, retry timeout: 300, private key path: undefined, private key pass is not provided, client store temporary credential: false, browser response timeout: 120000"}
{"level":"INFO","message":"[10:14:22.441 PM]: Connection[id: c74ea14b-a613-480a-bb6d-8cbb8706a92c] - connection object created successfully."}
{"level":"INFO","message":"[10:14:22.441 PM]: Connection[id: c74ea14b-a613-480a-bb6d-8cbb8706a92c] - connecting. Associated Snowflake domain: GLOBAL"}
{"level":"INFO","message":"[10:14:22.443 PM]: Connection[id: c74ea14b-a613-480a-bb6d-8cbb8706a92c] - authentication successful using: SNOWFLAKE"}
{"level":"INFO","message":"[10:14:22.445 PM]: Connection[id: c74ea14b-a613-480a-bb6d-8cbb8706a92c] - connected successfully after 4.32 milliseconds"}
{"level":"INFO","message":"[10:14:23.968 PM]: Creating new connection object"}
{"level":"INFO","message":"[10:14:23.970 PM]: Creating Connection[id: 31285ff6-4a81-4244-8a9a-3e3c476f3e17] with host: cucbppa-am55842.snowflakecomputing.com, account: cucbppa-am55842, accessUrl: https://cucbppa-am55842.snowflakecomputing.com, user: Rosu76, role: undefined, database: LOGIN_DB, schema: MAIN, warehouse: COMPUTE_WH, proxy was not configured, password is provided, region: undefined, authenticator: SNOWFLAKE, ocsp mode: FAIL_OPEN, os: darwin, os version: 24.6.0"}
{"level":"INFO","message":"[10:14:23.970 PM]: Connection[id: 31285ff6-4a81-4244-8a9a-3e3c476f3e17] additional details: passcode in password is provided, passcode is not provided, private key is not provided, application: undefined, client name: snowflake-sdk, client version: 2.3.1, retry timeout: 300, private key path: undefined, private key pass is not provided, client store temporary credential: false, browser response timeout: 120000"}
{"level":"INFO","message":"[10:14:23.971 PM]: Connection[id: 31285ff6-4a81-4244-8a9a-3e3c476f3e17] - connection object created successfully."}
{"level":"INFO","message":"[10:14:23.971 PM]: Connection[id: 31285ff6-4a81-4244-8a9a-3e3c476f3e17] - connecting. Associated Snowflake domain: GLOBAL"}
{"level":"INFO","message":"[10:14:23.971 PM]: Connection[id: 31285ff6-4a81-4244-8a9a-3e3c476f3e17] - authentication successful using: SNOWFLAKE"}
{"level":"INFO","message":"[10:14:23.972 PM]: Connection[id: 31285ff6-4a81-4244-8a9a-3e3c476f3e17] - connected successfully after 1.31 milliseconds"}
{"level":"INFO","message":"[10:18:20.274 PM]: Creating new connection object"}
{"level":"INFO","message":"[10:18:20.275 PM]: Creating Connection[id: 3894ddd9-da59-41ed-b262-315e36655e6e] with host: cucbppa-am55842.snowflakecomputing.com, account: cucbppa-am55842, accessUrl: https://cucbppa-am55842.snowflakecomputing.com, user: Rosu76, role: undefined, database: LOGIN_DB, schema: MAIN, warehouse: COMPUTE_WH, proxy was not configured, password is provided, region: undefined, authenticator: SNOWFLAKE, ocsp mode: FAIL_OPEN, os: darwin, os version: 24.6.0"}
{"level":"INFO","message":"[10:18:20.275 PM]: Connection[id: 3894ddd9-da59-41ed-b262-315e36655e6e] additional details: passcode in password is provided, passcode is not provided, private key is not provided, application: undefined, client name: snowflake-sdk, client version: 2.3.1, retry timeout: 300, private key path: undefined, private key pass is not provided, client store temporary credential: false, browser response timeout: 120000"}
{"level":"INFO","message":"[10:18:20.275 PM]: Connection[id: 3894ddd9-da59-41ed-b262-315e36655e6e] - connection object created successfully."}
{"level":"INFO","message":"[10:18:20.275 PM]: Connection[id: 3894ddd9-da59-41ed-b262-315e36655e6e] - connecting. Associated Snowflake domain: GLOBAL"}
{"level":"INFO","message":"[10:18:20.276 PM]: Connection[id: 3894ddd9-da59-41ed-b262-315e36655e6e] - authentication successful using: SNOWFLAKE"}
{"level":"INFO","message":"[10:18:20.276 PM]: Connection[id: 3894ddd9-da59-41ed-b262-315e36655e6e] - connected successfully after 0.95 milliseconds"}
{"level":"INFO","message":"[10:18:21.461 PM]: Creating new connection object"}
{"level":"INFO","message":"[10:18:21.463 PM]: Creating Connection[id: 9ee28c5d-801e-4a45-b107-95893b14aaad] with host: cucbppa-am55842.snowflakecomputing.com, account: cucbppa-am55842, accessUrl: https://cucbppa-am55842.snowflakecomputing.com, user: Rosu76, role: undefined, database: LOGIN_DB, schema: MAIN, warehouse: COMPUTE_WH, proxy was not configured, password is provided, region: undefined, authenticator: SNOWFLAKE, ocsp mode: FAIL_OPEN, os: darwin, os version: 24.6.0"}
{"level":"INFO","message":"[10:18:21.463 PM]: Connection[id: 9ee28c5d-801e-4a45-b107-95893b14aaad] additional details: passcode in password is provided, passcode is not provided, private key is not provided, application: undefined, client name: snowflake-sdk, client version: 2.3.1, retry timeout: 300, private key path: undefined, private key pass is not provided, client store temporary credential: false, browser response timeout: 120000"}
{"level":"INFO","message":"[10:18:21.463 PM]: Connection[id: 9ee28c5d-801e-4a45-b107-95893b14aaad] - connection object created successfully."}
{"level":"INFO","message":"[10:18:21.464 PM]: Connection[id: 9ee28c5d-801e-4a45-b107-95893b14aaad] - connecting. Associated Snowflake domain: GLOBAL"}
{"level":"INFO","message":"[10:18:21.464 PM]: Connection[id: 9ee28c5d-801e-4a45-b107-95893b14aaad] - authentication successful using: SNOWFLAKE"}
{"level":"INFO","message":"[10:18:21.465 PM]: Connection[id: 9ee28c5d-801e-4a45-b107-95893b14aaad] - connected successfully after 1.7 milliseconds"}
{"level":"INFO","message":"[10:19:28.484 PM]: Creating new connection object"}
{"level":"INFO","message":"[10:19:28.486 PM]: Creating Connection[id: 12858182-b81d-431d-beac-4f237504e98b] with host: cucbppa-am55842.snowflakecomputing.com, account: cucbppa-am55842, accessUrl: https://cucbppa-am55842.snowflakecomputing.com, user: Rosu76, role: undefined, database: LOGIN_DB, schema: MAIN, warehouse: COMPUTE_WH, proxy was not configured, password is provided, region: undefined, authenticator: SNOWFLAKE, ocsp mode: FAIL_OPEN, os: darwin, os version: 24.6.0"}
{"level":"INFO","message":"[10:19:28.486 PM]: Connection[id: 12858182-b81d-431d-beac-4f237504e98b] additional details: passcode in password is provided, passcode is not provided, private key is not provided, application: undefined, client name: snowflake-sdk, client version: 2.3.1, retry timeout: 300, private key path: undefined, private key pass is not provided, client store temporary credential: false, browser response timeout: 120000"}
{"level":"INFO","message":"[10:19:28.486 PM]: Connection[id: 12858182-b81d-431d-beac-4f237504e98b] - connection object created successfully."}
{"level":"INFO","message":"[10:19:28.486 PM]: Connection[id: 12858182-b81d-431d-beac-4f237504e98b] - connecting. Associated Snowflake domain: GLOBAL"}
{"level":"INFO","message":"[10:19:28.486 PM]: Creating new connection object"}
{"level":"INFO","message":"[10:19:28.487 PM]: Creating Connection[id: 43c60a15-121f-4ab8-9905-c962707748bb] with host: cucbppa-am55842.snowflakecomputing.com, account: cucbppa-am55842, accessUrl: https://cucbppa-am55842.snowflakecomputing.com, user: Rosu76, role: undefined, database: LOGIN_DB, schema: MAIN, warehouse: COMPUTE_WH, proxy was not configured, password is provided, region: undefined, authenticator: SNOWFLAKE, ocsp mode: FAIL_OPEN, os: darwin, os version: 24.6.0"}
{"level":"INFO","message":"[10:19:28.487 PM]: Connection[id: 43c60a15-121f-4ab8-9905-c962707748bb] additional details: passcode in password is provided, passcode is not provided, private key is not provided, application: undefined, client name: snowflake-sdk, client version: 2.3.1, retry timeout: 300, private key path: undefined, private key pass is not provided, client store temporary credential: false, browser response timeout: 120000"}
{"level":"INFO","message":"[10:19:28.487 PM]: Connection[id: 43c60a15-121f-4ab8-9905-c962707748bb] - connection object created successfully."}
{"level":"INFO","message":"[10:19:28.487 PM]: Connection[id: 43c60a15-121f-4ab8-9905-c962707748bb] - connecting. Associated Snowflake domain: GLOBAL"}
{"level":"INFO","message":"[10:19:28.488 PM]: Creating new connection object"}
{"level":"INFO","message":"[10:19:28.489 PM]: Creating Connection[id: 3e7d7bc5-17aa-4aa4-90ec-b3762c986e66] with host: cucbppa-am55842.snowflakecomputing.com, account: cucbppa-am55842, accessUrl: https://cucbppa-am55842.snowflakecomputing.com, user: Rosu76, role: undefined, database: LOGIN_DB, schema: MAIN, warehouse: COMPUTE_WH, proxy was not configured, password is provided, region: undefined, authenticator: SNOWFLAKE, ocsp mode: FAIL_OPEN, os: darwin, os version: 24.6.0"}
{"level":"INFO","message":"[10:19:28.489 PM]: Connection[id: 3e7d7bc5-17aa-4aa4-90ec-b3762c986e66] additional details: passcode in password is provided, passcode is not provided, private key is not provided, application: undefined, client name: snowflake-sdk, client version: 2.3.1, retry timeout: 300, private key path: undefined, private key pass is not provided, client store temporary credential: false, browser response timeout: 120000"}
{"level":"INFO","message":"[10:19:28.489 PM]: Connection[id: 3e7d7bc5-17aa-4aa4-90ec-b3762c986e66] - connection object created successfully."}
{"level":"INFO","message":"[10:19:28.490 PM]: Connection[id: 3e7d7bc5-17aa-4aa4-90ec-b3762c986e66] - connecting. Associated Snowflake domain: GLOBAL"}
{"level":"INFO","message":"[10:19:28.490 PM]: Connection[id: 12858182-b81d-431d-beac-4f237504e98b] - authentication successful using: SNOWFLAKE"}
{"level":"INFO","message":"[10:19:28.490 PM]: Connection[id: 43c60a15-121f-4ab8-9905-c962707748bb] - authentication successful using: SNOWFLAKE"}
{"level":"INFO","message":"[10:19:28.490 PM]: Connection[id: 3e7d7bc5-17aa-4aa4-90ec-b3762c986e66] - authentication successful using: SNOWFLAKE"}
{"level":"INFO","message":"[10:19:28.491 PM]: Connection[id: 12858182-b81d-431d-beac-4f237504e98b] - connected successfully after 5.01 milliseconds"}
{"level":"INFO","message":"[10:19:28.493 PM]: Connection[id: 43c60a15-121f-4ab8-9905-c962707748bb] - connected successfully after 5.15 milliseconds"}
{"level":"INFO","message":"[10:19:28.493 PM]: Connection[id: 3e7d7bc5-17aa-4aa4-90ec-b3762c986e66] - connected successfully after 3.76 milliseconds"}
{"level":"INFO","message":"[10:19:29.986 PM]: Creating new connection object"}
{"level":"INFO","message":"[10:19:29.987 PM]: Creating Connection[id: e12fd119-3aa9-4b98-aeeb-8b091cf946c3] with host: cucbppa-am55842.snowflakecomputing.com, account: cucbppa-am55842, accessUrl: https://cucbppa-am55842.snowflakecomputing.com, user: Rosu76, role: undefined, database: LOGIN_DB, schema: MAIN, warehouse: COMPUTE_WH, proxy was not configured, password is provided, region: undefined, authenticator: SNOWFLAKE, ocsp mode: FAIL_OPEN, os: darwin, os version: 24.6.0"}
{"level":"INFO","message":"[10:19:29.987 PM]: Connection[id: e12fd119-3aa9-4b98-aeeb-8b091cf946c3] additional details: passcode in password is provided, passcode is not provided, private key is not provided, application: undefined, client name: snowflake-sdk, client version: 2.3.1, retry timeout: 300, private key path: undefined, private key pass is not provided, client store temporary credential: false, browser response timeout: 120000"}
{"level":"INFO","message":"[10:19:29.987 PM]: Connection[id: e12fd119-3aa9-4b98-aeeb-8b091cf946c3] - connection object created successfully."}
{"level":"INFO","message":"[10:19:29.988 PM]: Connection[id: e12fd119-3aa9-4b98-aeeb-8b091cf946c3] - connecting. Associated Snowflake domain: GLOBAL"}
{"level":"INFO","message":"[10:19:29.988 PM]: Creating new connection object"}
{"level":"INFO","message":"[10:19:29.994 PM]: Creating Connection[id: 9ebc31fe-4687-4e3f-be54-7803152a0807] with host: cucbppa-am55842.snowflakecomputing.com, account: cucbppa-am55842, accessUrl: https://cucbppa-am55842.snowflakecomputing.com, user: Rosu76, role: undefined, database: LOGIN_DB, schema: MAIN, warehouse: COMPUTE_WH, proxy was not configured, password is provided, region: undefined, authenticator: SNOWFLAKE, ocsp mode: FAIL_OPEN, os: darwin, os version: 24.6.0"}
{"level":"INFO","message":"[10:19:29.995 PM]: Connection[id: 9ebc31fe-4687-4e3f-be54-7803152a0807] additional details: passcode in password is provided, passcode is not provided, private key is not provided, application: undefined, client name: snowflake-sdk, client version: 2.3.1, retry timeout: 300, private key path: undefined, private key pass is not provided, client store temporary credential: false, browser response timeout: 120000"}
{"level":"INFO","message":"[10:19:29.996 PM]: Connection[id: 9ebc31fe-4687-4e3f-be54-7803152a0807] - connection object created successfully."}
{"level":"INFO","message":"[10:19:29.996 PM]: Connection[id: 9ebc31fe-4687-4e3f-be54-7803152a0807] - connecting. Associated Snowflake domain: GLOBAL"}
{"level":"INFO","message":"[10:19:29.996 PM]: Creating new connection object"}
{"level":"INFO","message":"[10:19:29.997 PM]: Creating Connection[id: 282a140f-d70c-44cc-bd99-347b54a40faf] with host: cucbppa-am55842.snowflakecomputing.com, account: cucbppa-am55842, accessUrl: https://cucbppa-am55842.snowflakecomputing.com, user: Rosu76, role: undefined, database: LOGIN_DB, schema: MAIN, warehouse: COMPUTE_WH, proxy was not configured, password is provided, region: undefined, authenticator: SNOWFLAKE, ocsp mode: FAIL_OPEN, os: darwin, os version: 24.6.0"}
{"level":"INFO","message":"[10:19:29.997 PM]: Connection[id: 282a140f-d70c-44cc-bd99-347b54a40faf] additional details: passcode in password is provided, passcode is not provided, private key is not provided, application: undefined, client name: snowflake-sdk, client version: 2.3.1, retry timeout: 300, private key path: undefined, private key pass is not provided, client store temporary credential: false, browser response timeout: 120000"}
{"level":"INFO","message":"[10:19:29.997 PM]: Connection[id: 282a140f-d70c-44cc-bd99-347b54a40faf] - connection object created successfully."}
{"level":"INFO","message":"[10:19:29.998 PM]: Connection[id: 282a140f-d70c-44cc-bd99-347b54a40faf] - connecting. Associated Snowflake domain: GLOBAL"}
{"level":"INFO","message":"[10:19:29.998 PM]: Connection[id: e12fd119-3aa9-4b98-aeeb-8b091cf946c3] - authentication successful using: SNOWFLAKE"}
{"level":"INFO","message":"[10:19:29.998 PM]: Connection[id: 9ebc31fe-4687-4e3f-be54-7803152a0807] - authentication successful using: SNOWFLAKE"}
{"level":"INFO","message":"[10:19:29.998 PM]: Connection[id: 282a140f-d70c-44cc-bd99-347b54a40faf] - authentication successful using: SNOWFLAKE"}
{"level":"INFO","message":"[10:19:29.999 PM]: Connection[id: e12fd119-3aa9-4b98-aeeb-8b091cf946c3] - connected successfully after 11.16 milliseconds"}
{"level":"INFO","message":"[10:19:29.999 PM]: Connection[id: 9ebc31fe-4687-4e3f-be54-7803152a0807] - connected successfully after 2.97 milliseconds"}
{"level":"INFO","message":"[10:19:30.000 PM]: Connection[id: 282a140f-d70c-44cc-bd99-347b54a40faf] - connected successfully after 2.06 milliseconds"}
{"level":"INFO","message":"[10:21:09.279 PM]: Creating new connection object"}
{"level":"INFO","message":"[10:21:09.280 PM]: Creating Connection[id: e3f49d33-0a58-4078-ac22-ec23c484b3b7] with host: cucbppa-am55842.snowflakecomputing.com, account: cucbppa-am55842, accessUrl: https://cucbppa-am55842.snowflakecomputing.com, user: Rosu76, role: undefined, database: LOGIN_DB, schema: MAIN, warehouse: COMPUTE_WH, proxy was not configured, password is provided, region: undefined, authenticator: SNOWFLAKE, ocsp mode: FAIL_OPEN, os: darwin, os version: 24.6.0"}
{"level":"INFO","message":"[10:21:09.280 PM]: Connection[id: e3f49d33-0a58-4078-ac22-ec23c484b3b7] additional details: passcode in password is provided, passcode is not provided, private key is not provided, application: undefined, client name: snowflake-sdk, client version: 2.3.1, retry timeout: 300, private key path: undefined, private key pass is not provided, client store temporary credential: false, browser response timeout: 120000"}
{"level":"INFO","message":"[10:21:09.280 PM]: Connection[id: e3f49d33-0a58-4078-ac22-ec23c484b3b7] - connection object created successfully."}
{"level":"INFO","message":"[10:21:09.280 PM]: Connection[id: e3f49d33-0a58-4078-ac22-ec23c484b3b7] - connecting. Associated Snowflake domain: GLOBAL"}
{"level":"INFO","message":"[10:21:09.280 PM]: Creating new connection object"}
{"level":"INFO","message":"[10:21:09.280 PM]: Creating Connection[id: 48c904bf-d027-45ff-a5c3-6b684f206317] with host: cucbppa-am55842.snowflakecomputing.com, account: cucbppa-am55842, accessUrl: https://cucbppa-am55842.snowflakecomputing.com, user: Rosu76, role: undefined, database: LOGIN_DB, schema: MAIN, warehouse: COMPUTE_WH, proxy was not configured, password is provided, region: undefined, authenticator: SNOWFLAKE, ocsp mode: FAIL_OPEN, os: darwin, os version: 24.6.0"}
{"level":"INFO","message":"[10:21:09.281 PM]: Connection[id: 48c904bf-d027-45ff-a5c3-6b684f206317] additional details: passcode in password is provided, passcode is not provided, private key is not provided, application: undefined, client name: snowflake-sdk, client version: 2.3.1, retry timeout: 300, private key path: undefined, private key pass is not provided, client store temporary credential: false, browser response timeout: 120000"}
{"level":"INFO","message":"[10:21:09.281 PM]: Connection[id: 48c904bf-d027-45ff-a5c3-6b684f206317] - connection object created successfully."}
{"level":"INFO","message":"[10:21:09.281 PM]: Connection[id: 48c904bf-d027-45ff-a5c3-6b684f206317] - connecting. Associated Snowflake domain: GLOBAL"}
{"level":"INFO","message":"[10:21:09.281 PM]: Creating new connection object"}
{"level":"INFO","message":"[10:21:09.281 PM]: Creating Connection[id: 074f0761-c45e-44d7-8ec1-8f8c247f8ba7] with host: cucbppa-am55842.snowflakecomputing.com, account: cucbppa-am55842, accessUrl: https://cucbppa-am55842.snowflakecomputing.com, user: Rosu76, role: undefined, database: LOGIN_DB, schema: MAIN, warehouse: COMPUTE_WH, proxy was not configured, password is provided, region: undefined, authenticator: SNOWFLAKE, ocsp mode: FAIL_OPEN, os: darwin, os version: 24.6.0"}
{"level":"INFO","message":"[10:21:09.281 PM]: Connection[id: 074f0761-c45e-44d7-8ec1-8f8c247f8ba7] additional details: passcode in password is provided, passcode is not provided, private key is not provided, application: undefined, client name: snowflake-sdk, client version: 2.3.1, retry timeout: 300, private key path: undefined, private key pass is not provided, client store temporary credential: false, browser response timeout: 120000"}
{"level":"INFO","message":"[10:21:09.281 PM]: Connection[id: 074f0761-c45e-44d7-8ec1-8f8c247f8ba7] - connection object created successfully."}
{"level":"INFO","message":"[10:21:09.282 PM]: Connection[id: 074f0761-c45e-44d7-8ec1-8f8c247f8ba7] - connecting. Associated Snowflake domain: GLOBAL"}
{"level":"INFO","message":"[10:21:09.282 PM]: Connection[id: e3f49d33-0a58-4078-ac22-ec23c484b3b7] - authentication successful using: SNOWFLAKE"}
{"level":"INFO","message":"[10:21:09.282 PM]: Connection[id: 48c904bf-d027-45ff-a5c3-6b684f206317] - authentication successful using: SNOWFLAKE"}
{"level":"INFO","message":"[10:21:09.282 PM]: Connection[id: 074f0761-c45e-44d7-8ec1-8f8c247f8ba7] - authentication successful using: SNOWFLAKE"}
{"level":"INFO","message":"[10:21:09.282 PM]: Connection[id: e3f49d33-0a58-4078-ac22-ec23c484b3b7] - connected successfully after 2.37 milliseconds"}
{"level":"INFO","message":"[10:21:09.283 PM]: Connection[id: 48c904bf-d027-45ff-a5c3-6b684f206317] - connected successfully after 1.75 milliseconds"}
{"level":"INFO","message":"[10:21:09.283 PM]: Connection[id: 074f0761-c45e-44d7-8ec1-8f8c247f8ba7] - connected successfully after 1.47 milliseconds"}
{"level":"INFO","message":"[10:21:10.277 PM]: Creating new connection object"}
{"level":"INFO","message":"[10:21:10.278 PM]: Creating Connection[id: 47f7f09b-7fd2-4531-b12c-c833c3fa63bd] with host: cucbppa-am55842.snowflakecomputing.com, account: cucbppa-am55842, accessUrl: https://cucbppa-am55842.snowflakecomputing.com, user: Rosu76, role: undefined, database: LOGIN_DB, schema: MAIN, warehouse: COMPUTE_WH, proxy was not configured, password is provided, region: undefined, authenticator: SNOWFLAKE, ocsp mode: FAIL_OPEN, os: darwin, os version: 24.6.0"}
{"level":"INFO","message":"[10:21:10.279 PM]: Connection[id: 47f7f09b-7fd2-4531-b12c-c833c3fa63bd] additional details: passcode in password is provided, passcode is not provided, private key is not provided, application: undefined, client name: snowflake-sdk, client version: 2.3.1, retry timeout: 300, private key path: undefined, private key pass is not provided, client store temporary credential: false, browser response timeout: 120000"}
{"level":"INFO","message":"[10:21:10.279 PM]: Connection[id: 47f7f09b-7fd2-4531-b12c-c833c3fa63bd] - connection object created successfully."}
{"level":"INFO","message":"[10:21:10.279 PM]: Connection[id: 47f7f09b-7fd2-4531-b12c-c833c3fa63bd] - connecting. Associated Snowflake domain: GLOBAL"}
{"level":"INFO","message":"[10:21:10.279 PM]: Creating new connection object"}
{"level":"INFO","message":"[10:21:10.280 PM]: Creating Connection[id: 44fb7f2e-5b0f-462b-a847-11fa33f968c3] with host: cucbppa-am55842.snowflakecomputing.com, account: cucbppa-am55842, accessUrl: https://cucbppa-am55842.snowflakecomputing.com, user: Rosu76, role: undefined, database: LOGIN_DB, schema: MAIN, warehouse: COMPUTE_WH, proxy was not configured, password is provided, region: undefined, authenticator: SNOWFLAKE, ocsp mode: FAIL_OPEN, os: darwin, os version: 24.6.0"}
{"level":"INFO","message":"[10:21:10.280 PM]: Connection[id: 44fb7f2e-5b0f-462b-a847-11fa33f968c3] additional details: passcode in password is provided, passcode is not provided, private key is not provided, application: undefined, client name: snowflake-sdk, client version: 2.3.1, retry timeout: 300, private key path: undefined, private key pass is not provided, client store temporary credential: false, browser response timeout: 120000"}
{"level":"INFO","message":"[10:21:10.280 PM]: Connection[id: 44fb7f2e-5b0f-462b-a847-11fa33f968c3] - connection object created successfully."}
{"level":"INFO","message":"[10:21:10.280 PM]: Connection[id: 44fb7f2e-5b0f-462b-a847-11fa33f968c3] - connecting. Associated Snowflake domain: GLOBAL"}
{"level":"INFO","message":"[10:21:10.280 PM]: Creating new connection object"}
{"level":"INFO","message":"[10:21:10.281 PM]: Creating Connection[id: 973a0786-b9e8-4f91-8081-26658e5b6fe5] with host: cucbppa-am55842.snowflakecomputing.com, account: cucbppa-am55842, accessUrl: https://cucbppa-am55842.snowflakecomputing.com, user: Rosu76, role: undefined, database: LOGIN_DB, schema: MAIN, warehouse: COMPUTE_WH, proxy was not configured, password is provided, region: undefined, authenticator: SNOWFLAKE, ocsp mode: FAIL_OPEN, os: darwin, os version: 24.6.0"}
{"level":"INFO","message":"[10:21:10.281 PM]: Connection[id: 973a0786-b9e8-4f91-8081-26658e5b6fe5] additional details: passcode in password is provided, passcode is not provided, private key is not provided, application: undefined, client name: snowflake-sdk, client version: 2.3.1, retry timeout: 300, private key path: undefined, private key pass is not provided, client store temporary credential: false, browser response timeout: 120000"}
{"level":"INFO","message":"[10:21:10.281 PM]: Connection[id: 973a0786-b9e8-4f91-8081-26658e5b6fe5] - connection object created successfully."}
{"level":"INFO","message":"[10:21:10.281 PM]: Connection[id: 973a0786-b9e8-4f91-8081-26658e5b6fe5] - connecting. Associated Snowflake domain: GLOBAL"}
{"level":"INFO","message":"[10:21:10.281 PM]: Connection[id: 47f7f09b-7fd2-4531-b12c-c833c3fa63bd] - authentication successful using: SNOWFLAKE"}
{"level":"INFO","message":"[10:21:10.281 PM]: Connection[id: 44fb7f2e-5b0f-462b-a847-11fa33f968c3] - authentication successful using: SNOWFLAKE"}
{"level":"INFO","message":"[10:21:10.281 PM]: Connection[id: 973a0786-b9e8-4f91-8081-26658e5b6fe5] - authentication successful using: SNOWFLAKE"}
{"level":"INFO","message":"[10:21:10.282 PM]: Connection[id: 47f7f09b-7fd2-4531-b12c-c833c3fa63bd] - connected successfully after 2.71 milliseconds"}
{"level":"INFO","message":"[10:21:10.282 PM]: Connection[id: 44fb7f2e-5b0f-462b-a847-11fa33f968c3] - connected successfully after 2.02 milliseconds"}
{"level":"INFO","message":"[10:21:10.283 PM]: Connection[id: 973a0786-b9e8-4f91-8081-26658e5b6fe5] - connected successfully after 1.74 milliseconds"}
